<?xml version="1.0" ?>
<testsuites disabled="0" errors="0" failures="0" tests="6" time="0.0">
	<testsuite disabled="0" errors="0" failures="0" name="flake8._\src\data_helper_py" skipped="0" tests="1" time="0" file=".\src\data_helper.py">
		<testcase name="Check passed" file=".\src\data_helper.py"/>
	</testsuite>
	<testsuite disabled="0" errors="0" failures="0" name="flake8._\src\history_helper_py" skipped="0" tests="1" time="0" file=".\src\history_helper.py">
		<testcase name="Check passed" file=".\src\history_helper.py"/>
	</testsuite>
	<testsuite disabled="0" errors="0" failures="0" name="flake8._\src\image_helper_py" skipped="0" tests="1" time="0" file=".\src\image_helper.py">
		<testcase name="Check passed" file=".\src\image_helper.py"/>
	</testsuite>
	<testsuite disabled="0" errors="0" failures="0" name="flake8._\test\test_data_helper_py" skipped="0" tests="1" time="0" file=".\test\test_data_helper.py">
		<testcase name="Check passed" file=".\test\test_data_helper.py"/>
	</testsuite>
	<testsuite disabled="0" errors="0" failures="0" name="flake8._\test\test_history_helper_py" skipped="0" tests="1" time="0" file=".\test\test_history_helper.py">
		<testcase name="Check passed" file=".\test\test_history_helper.py"/>
	</testsuite>
	<testsuite disabled="0" errors="0" failures="0" name="flake8._\test\test_image_helper_py" skipped="0" tests="1" time="0" file=".\test\test_image_helper.py">
		<testcase name="Check passed" file=".\test\test_image_helper.py"/>
	</testsuite>
</testsuites>

