<?xml version="1.0" encoding="utf-8"?><testsuites><testsuite name="pytest" errors="0" failures="0" skipped="0" tests="11" time="0.393" timestamp="2022-06-07T20:50:56.964405" hostname="Preetham"><testcase classname="test.test_data_helper" name="test_dataset_name_unix" time="0.003" /><testcase classname="test.test_data_helper" name="test_dataset_name_win" time="0.001" /><testcase classname="test.test_data_helper" name="test_iso8601_to_epoch_ms" time="0.006" /><testcase classname="test.test_data_helper" name="test_map_to_app_insight_entry_for_aml_parent_run" time="0.005" /><testcase classname="test.test_history_helper" name="test_get_epoch_list" time="0.001" /><testcase classname="test.test_history_helper" name="test_get_accuracy_list" time="0.001" /><testcase classname="test.test_history_helper" name="test_get_accuracy_per_epoch" time="0.001" /><testcase classname="test.test_history_helper" name="test_get_accuracy_per_epoch_method_calls" time="0.004" /><testcase classname="test.test_image_helper" name="test_image_helper_function" time="0.003" /><testcase classname="test.test_image_helper" name="test_image_helper_defaults" time="0.003" /><testcase classname="test.test_image_helper" name="test_image_helper_exception" time="0.002" /></testsuite></testsuites>